<?xml version="1.0" encoding="UTF-8"?>
<testsuite xmlns:xsi="http://www.w3.org/2001/XMLSchema-instance" xsi:noNamespaceSchemaLocation="https://maven.apache.org/surefire/maven-surefire-plugin/xsd/surefire-test-report.xsd" name="com.bjpowernode.dataservice.P2pDataserviceApplicationTests" time="1.44" tests="1" errors="1" skipped="0" failures="0">
  <properties>
    <property name="sun.desktop" value="windows"/>
    <property name="awt.toolkit" value="sun.awt.windows.WToolkit"/>
    <property name="file.encoding.pkg" value="sun.io"/>
    <property name="java.specification.version" value="1.8"/>
    <property name="sun.cpu.isalist" value="amd64"/>
    <property name="sun.jnu.encoding" value="GBK"/>
    <property name="java.class.path" value="D:\JavaProjects\P2P\p2p-dataservice\target\test-classes;D:\JavaProjects\P2P\p2p-dataservice\target\classes;D:\Maven\p2p\p2p-repository\org\apache\dubbo\dubbo-spring-boot-starter\2.7.8\dubbo-spring-boot-starter-2.7.8.jar;D:\Maven\p2p\p2p-repository\org\apache\dubbo\dubbo-spring-boot-autoconfigure\2.7.8\dubbo-spring-boot-autoconfigure-2.7.8.jar;D:\Maven\p2p\p2p-repository\org\apache\dubbo\dubbo-spring-boot-autoconfigure-compatible\2.7.8\dubbo-spring-boot-autoconfigure-compatible-2.7.8.jar;D:\Maven\p2p\p2p-repository\org\apache\dubbo\dubbo\2.7.8\dubbo-2.7.8.jar;D:\Maven\p2p\p2p-repository\com\alibaba\spring\spring-context-support\1.0.8\spring-context-support-1.0.8.jar;D:\Maven\p2p\p2p-repository\org\javassist\javassist\3.20.0-GA\javassist-3.20.0-GA.jar;D:\Maven\p2p\p2p-repository\io\netty\netty-all\4.1.60.Final\netty-all-4.1.60.Final.jar;D:\Maven\p2p\p2p-repository\com\google\code\gson\gson\2.8.6\gson-2.8.6.jar;D:\Maven\p2p\p2p-repository\com\alibaba\fastjson\1.2.51\fastjson-1.2.51.jar;D:\Maven\p2p\p2p-repository\org\apache\curator\curator-recipes\4.0.1\curator-recipes-4.0.1.jar;D:\Maven\p2p\p2p-repository\org\apache\curator\curator-framework\4.0.1\curator-framework-4.0.1.jar;D:\Maven\p2p\p2p-repository\org\apache\curator\curator-client\4.0.1\curator-client-4.0.1.jar;D:\Maven\p2p\p2p-repository\com\google\guava\guava\20.0\guava-20.0.jar;D:\Maven\p2p\p2p-repository\org\apache\zookeeper\zookeeper\3.4.13\zookeeper-3.4.13.jar;D:\Maven\p2p\p2p-repository\org\slf4j\slf4j-api\1.7.30\slf4j-api-1.7.30.jar;D:\Maven\p2p\p2p-repository\log4j\log4j\1.2.17\log4j-1.2.17.jar;D:\Maven\p2p\p2p-repository\jline\jline\0.9.94\jline-0.9.94.jar;D:\Maven\p2p\p2p-repository\org\apache\yetus\audience-annotations\0.5.0\audience-annotations-0.5.0.jar;D:\Maven\p2p\p2p-repository\org\mybatis\spring\boot\mybatis-spring-boot-starter\2.1.4\mybatis-spring-boot-starter-2.1.4.jar;D:\Maven\p2p\p2p-repository\org\springframework\boot\spring-boot-starter-jdbc\2.4.4\spring-boot-starter-jdbc-2.4.4.jar;D:\Maven\p2p\p2p-repository\com\zaxxer\HikariCP\3.4.5\HikariCP-3.4.5.jar;D:\Maven\p2p\p2p-repository\org\springframework\spring-jdbc\5.3.5\spring-jdbc-5.3.5.jar;D:\Maven\p2p\p2p-repository\org\springframework\spring-beans\5.3.5\spring-beans-5.3.5.jar;D:\Maven\p2p\p2p-repository\org\springframework\spring-tx\5.3.5\spring-tx-5.3.5.jar;D:\Maven\p2p\p2p-repository\org\mybatis\spring\boot\mybatis-spring-boot-autoconfigure\2.1.4\mybatis-spring-boot-autoconfigure-2.1.4.jar;D:\Maven\p2p\p2p-repository\org\mybatis\mybatis\3.5.6\mybatis-3.5.6.jar;D:\Maven\p2p\p2p-repository\org\mybatis\mybatis-spring\2.0.6\mybatis-spring-2.0.6.jar;D:\Maven\p2p\p2p-repository\mysql\mysql-connector-java\8.0.23\mysql-connector-java-8.0.23.jar;D:\Maven\p2p\p2p-repository\org\springframework\boot\spring-boot-starter\2.4.4\spring-boot-starter-2.4.4.jar;D:\Maven\p2p\p2p-repository\org\springframework\boot\spring-boot\2.4.4\spring-boot-2.4.4.jar;D:\Maven\p2p\p2p-repository\org\springframework\spring-context\5.3.5\spring-context-5.3.5.jar;D:\Maven\p2p\p2p-repository\org\springframework\spring-aop\5.3.5\spring-aop-5.3.5.jar;D:\Maven\p2p\p2p-repository\org\springframework\spring-expression\5.3.5\spring-expression-5.3.5.jar;D:\Maven\p2p\p2p-repository\org\springframework\boot\spring-boot-autoconfigure\2.4.4\spring-boot-autoconfigure-2.4.4.jar;D:\Maven\p2p\p2p-repository\org\springframework\boot\spring-boot-starter-logging\2.4.4\spring-boot-starter-logging-2.4.4.jar;D:\Maven\p2p\p2p-repository\ch\qos\logback\logback-classic\1.2.3\logback-classic-1.2.3.jar;D:\Maven\p2p\p2p-repository\ch\qos\logback\logback-core\1.2.3\logback-core-1.2.3.jar;D:\Maven\p2p\p2p-repository\org\apache\logging\log4j\log4j-to-slf4j\2.13.3\log4j-to-slf4j-2.13.3.jar;D:\Maven\p2p\p2p-repository\org\apache\logging\log4j\log4j-api\2.13.3\log4j-api-2.13.3.jar;D:\Maven\p2p\p2p-repository\org\slf4j\jul-to-slf4j\1.7.30\jul-to-slf4j-1.7.30.jar;D:\Maven\p2p\p2p-repository\jakarta\annotation\jakarta.annotation-api\1.3.5\jakarta.annotation-api-1.3.5.jar;D:\Maven\p2p\p2p-repository\org\springframework\spring-core\5.3.5\spring-core-5.3.5.jar;D:\Maven\p2p\p2p-repository\org\springframework\spring-jcl\5.3.5\spring-jcl-5.3.5.jar;D:\Maven\p2p\p2p-repository\org\yaml\snakeyaml\1.27\snakeyaml-1.27.jar;D:\JavaProjects\P2P\p2p-api\target\p2p-api-1.0.0.jar;D:\JavaProjects\P2P\p2p-common\target\p2p-common-1.0.0.jar;D:\Maven\p2p\p2p-repository\org\springframework\boot\spring-boot-starter-test\2.4.4\spring-boot-starter-test-2.4.4.jar;D:\Maven\p2p\p2p-repository\org\springframework\boot\spring-boot-test\2.4.4\spring-boot-test-2.4.4.jar;D:\Maven\p2p\p2p-repository\org\springframework\boot\spring-boot-test-autoconfigure\2.4.4\spring-boot-test-autoconfigure-2.4.4.jar;D:\Maven\p2p\p2p-repository\com\jayway\jsonpath\json-path\2.4.0\json-path-2.4.0.jar;D:\Maven\p2p\p2p-repository\net\minidev\json-smart\2.3\json-smart-2.3.jar;D:\Maven\p2p\p2p-repository\net\minidev\accessors-smart\1.2\accessors-smart-1.2.jar;D:\Maven\p2p\p2p-repository\org\ow2\asm\asm\5.0.4\asm-5.0.4.jar;D:\Maven\p2p\p2p-repository\jakarta\xml\bind\jakarta.xml.bind-api\2.3.3\jakarta.xml.bind-api-2.3.3.jar;D:\Maven\p2p\p2p-repository\jakarta\activation\jakarta.activation-api\1.2.2\jakarta.activation-api-1.2.2.jar;D:\Maven\p2p\p2p-repository\org\assertj\assertj-core\3.18.1\assertj-core-3.18.1.jar;D:\Maven\p2p\p2p-repository\org\hamcrest\hamcrest\2.2\hamcrest-2.2.jar;D:\Maven\p2p\p2p-repository\org\junit\jupiter\junit-jupiter\5.7.1\junit-jupiter-5.7.1.jar;D:\Maven\p2p\p2p-repository\org\junit\jupiter\junit-jupiter-api\5.7.1\junit-jupiter-api-5.7.1.jar;D:\Maven\p2p\p2p-repository\org\apiguardian\apiguardian-api\1.1.0\apiguardian-api-1.1.0.jar;D:\Maven\p2p\p2p-repository\org\opentest4j\opentest4j\1.2.0\opentest4j-1.2.0.jar;D:\Maven\p2p\p2p-repository\org\junit\platform\junit-platform-commons\1.7.1\junit-platform-commons-1.7.1.jar;D:\Maven\p2p\p2p-repository\org\junit\jupiter\junit-jupiter-params\5.7.1\junit-jupiter-params-5.7.1.jar;D:\Maven\p2p\p2p-repository\org\junit\jupiter\junit-jupiter-engine\5.7.1\junit-jupiter-engine-5.7.1.jar;D:\Maven\p2p\p2p-repository\org\junit\platform\junit-platform-engine\1.7.1\junit-platform-engine-1.7.1.jar;D:\Maven\p2p\p2p-repository\org\mockito\mockito-core\3.6.28\mockito-core-3.6.28.jar;D:\Maven\p2p\p2p-repository\net\bytebuddy\byte-buddy\1.10.22\byte-buddy-1.10.22.jar;D:\Maven\p2p\p2p-repository\net\bytebuddy\byte-buddy-agent\1.10.22\byte-buddy-agent-1.10.22.jar;D:\Maven\p2p\p2p-repository\org\objenesis\objenesis\3.1\objenesis-3.1.jar;D:\Maven\p2p\p2p-repository\org\mockito\mockito-junit-jupiter\3.6.28\mockito-junit-jupiter-3.6.28.jar;D:\Maven\p2p\p2p-repository\org\skyscreamer\jsonassert\1.5.0\jsonassert-1.5.0.jar;D:\Maven\p2p\p2p-repository\com\vaadin\external\google\android-json\0.0.20131108.vaadin1\android-json-0.0.20131108.vaadin1.jar;D:\Maven\p2p\p2p-repository\org\springframework\spring-test\5.3.5\spring-test-5.3.5.jar;D:\Maven\p2p\p2p-repository\org\xmlunit\xmlunit-core\2.7.0\xmlunit-core-2.7.0.jar;"/>
    <property name="java.vm.vendor" value="Oracle Corporation"/>
    <property name="sun.arch.data.model" value="64"/>
    <property name="user.variant" value=""/>
    <property name="java.vendor.url" value="http://java.oracle.com/"/>
    <property name="user.timezone" value="Asia/Shanghai"/>
    <property name="java.vm.specification.version" value="1.8"/>
    <property name="os.name" value="Windows 10"/>
    <property name="user.country" value="CN"/>
    <property name="sun.java.launcher" value="SUN_STANDARD"/>
    <property name="sun.boot.library.path" value="D:\Java8\jre\bin"/>
    <property name="sun.java.command" value="C:\Users\beyon\AppData\Local\Temp\surefire1040299865045983124\surefirebooter5654694232355268443.jar C:\Users\beyon\AppData\Local\Temp\surefire1040299865045983124 2021-04-10T20-17-36_926-jvmRun1 surefire7441203210383113526tmp surefire_0901879138910444938tmp"/>
    <property name="surefire.test.class.path" value="D:\JavaProjects\P2P\p2p-dataservice\target\test-classes;D:\JavaProjects\P2P\p2p-dataservice\target\classes;D:\Maven\p2p\p2p-repository\org\apache\dubbo\dubbo-spring-boot-starter\2.7.8\dubbo-spring-boot-starter-2.7.8.jar;D:\Maven\p2p\p2p-repository\org\apache\dubbo\dubbo-spring-boot-autoconfigure\2.7.8\dubbo-spring-boot-autoconfigure-2.7.8.jar;D:\Maven\p2p\p2p-repository\org\apache\dubbo\dubbo-spring-boot-autoconfigure-compatible\2.7.8\dubbo-spring-boot-autoconfigure-compatible-2.7.8.jar;D:\Maven\p2p\p2p-repository\org\apache\dubbo\dubbo\2.7.8\dubbo-2.7.8.jar;D:\Maven\p2p\p2p-repository\com\alibaba\spring\spring-context-support\1.0.8\spring-context-support-1.0.8.jar;D:\Maven\p2p\p2p-repository\org\javassist\javassist\3.20.0-GA\javassist-3.20.0-GA.jar;D:\Maven\p2p\p2p-repository\io\netty\netty-all\4.1.60.Final\netty-all-4.1.60.Final.jar;D:\Maven\p2p\p2p-repository\com\google\code\gson\gson\2.8.6\gson-2.8.6.jar;D:\Maven\p2p\p2p-repository\com\alibaba\fastjson\1.2.51\fastjson-1.2.51.jar;D:\Maven\p2p\p2p-repository\org\apache\curator\curator-recipes\4.0.1\curator-recipes-4.0.1.jar;D:\Maven\p2p\p2p-repository\org\apache\curator\curator-framework\4.0.1\curator-framework-4.0.1.jar;D:\Maven\p2p\p2p-repository\org\apache\curator\curator-client\4.0.1\curator-client-4.0.1.jar;D:\Maven\p2p\p2p-repository\com\google\guava\guava\20.0\guava-20.0.jar;D:\Maven\p2p\p2p-repository\org\apache\zookeeper\zookeeper\3.4.13\zookeeper-3.4.13.jar;D:\Maven\p2p\p2p-repository\org\slf4j\slf4j-api\1.7.30\slf4j-api-1.7.30.jar;D:\Maven\p2p\p2p-repository\log4j\log4j\1.2.17\log4j-1.2.17.jar;D:\Maven\p2p\p2p-repository\jline\jline\0.9.94\jline-0.9.94.jar;D:\Maven\p2p\p2p-repository\org\apache\yetus\audience-annotations\0.5.0\audience-annotations-0.5.0.jar;D:\Maven\p2p\p2p-repository\org\mybatis\spring\boot\mybatis-spring-boot-starter\2.1.4\mybatis-spring-boot-starter-2.1.4.jar;D:\Maven\p2p\p2p-repository\org\springframework\boot\spring-boot-starter-jdbc\2.4.4\spring-boot-starter-jdbc-2.4.4.jar;D:\Maven\p2p\p2p-repository\com\zaxxer\HikariCP\3.4.5\HikariCP-3.4.5.jar;D:\Maven\p2p\p2p-repository\org\springframework\spring-jdbc\5.3.5\spring-jdbc-5.3.5.jar;D:\Maven\p2p\p2p-repository\org\springframework\spring-beans\5.3.5\spring-beans-5.3.5.jar;D:\Maven\p2p\p2p-repository\org\springframework\spring-tx\5.3.5\spring-tx-5.3.5.jar;D:\Maven\p2p\p2p-repository\org\mybatis\spring\boot\mybatis-spring-boot-autoconfigure\2.1.4\mybatis-spring-boot-autoconfigure-2.1.4.jar;D:\Maven\p2p\p2p-repository\org\mybatis\mybatis\3.5.6\mybatis-3.5.6.jar;D:\Maven\p2p\p2p-repository\org\mybatis\mybatis-spring\2.0.6\mybatis-spring-2.0.6.jar;D:\Maven\p2p\p2p-repository\mysql\mysql-connector-java\8.0.23\mysql-connector-java-8.0.23.jar;D:\Maven\p2p\p2p-repository\org\springframework\boot\spring-boot-starter\2.4.4\spring-boot-starter-2.4.4.jar;D:\Maven\p2p\p2p-repository\org\springframework\boot\spring-boot\2.4.4\spring-boot-2.4.4.jar;D:\Maven\p2p\p2p-repository\org\springframework\spring-context\5.3.5\spring-context-5.3.5.jar;D:\Maven\p2p\p2p-repository\org\springframework\spring-aop\5.3.5\spring-aop-5.3.5.jar;D:\Maven\p2p\p2p-repository\org\springframework\spring-expression\5.3.5\spring-expression-5.3.5.jar;D:\Maven\p2p\p2p-repository\org\springframework\boot\spring-boot-autoconfigure\2.4.4\spring-boot-autoconfigure-2.4.4.jar;D:\Maven\p2p\p2p-repository\org\springframework\boot\spring-boot-starter-logging\2.4.4\spring-boot-starter-logging-2.4.4.jar;D:\Maven\p2p\p2p-repository\ch\qos\logback\logback-classic\1.2.3\logback-classic-1.2.3.jar;D:\Maven\p2p\p2p-repository\ch\qos\logback\logback-core\1.2.3\logback-core-1.2.3.jar;D:\Maven\p2p\p2p-repository\org\apache\logging\log4j\log4j-to-slf4j\2.13.3\log4j-to-slf4j-2.13.3.jar;D:\Maven\p2p\p2p-repository\org\apache\logging\log4j\log4j-api\2.13.3\log4j-api-2.13.3.jar;D:\Maven\p2p\p2p-repository\org\slf4j\jul-to-slf4j\1.7.30\jul-to-slf4j-1.7.30.jar;D:\Maven\p2p\p2p-repository\jakarta\annotation\jakarta.annotation-api\1.3.5\jakarta.annotation-api-1.3.5.jar;D:\Maven\p2p\p2p-repository\org\springframework\spring-core\5.3.5\spring-core-5.3.5.jar;D:\Maven\p2p\p2p-repository\org\springframework\spring-jcl\5.3.5\spring-jcl-5.3.5.jar;D:\Maven\p2p\p2p-repository\org\yaml\snakeyaml\1.27\snakeyaml-1.27.jar;D:\JavaProjects\P2P\p2p-api\target\p2p-api-1.0.0.jar;D:\JavaProjects\P2P\p2p-common\target\p2p-common-1.0.0.jar;D:\Maven\p2p\p2p-repository\org\springframework\boot\spring-boot-starter-test\2.4.4\spring-boot-starter-test-2.4.4.jar;D:\Maven\p2p\p2p-repository\org\springframework\boot\spring-boot-test\2.4.4\spring-boot-test-2.4.4.jar;D:\Maven\p2p\p2p-repository\org\springframework\boot\spring-boot-test-autoconfigure\2.4.4\spring-boot-test-autoconfigure-2.4.4.jar;D:\Maven\p2p\p2p-repository\com\jayway\jsonpath\json-path\2.4.0\json-path-2.4.0.jar;D:\Maven\p2p\p2p-repository\net\minidev\json-smart\2.3\json-smart-2.3.jar;D:\Maven\p2p\p2p-repository\net\minidev\accessors-smart\1.2\accessors-smart-1.2.jar;D:\Maven\p2p\p2p-repository\org\ow2\asm\asm\5.0.4\asm-5.0.4.jar;D:\Maven\p2p\p2p-repository\jakarta\xml\bind\jakarta.xml.bind-api\2.3.3\jakarta.xml.bind-api-2.3.3.jar;D:\Maven\p2p\p2p-repository\jakarta\activation\jakarta.activation-api\1.2.2\jakarta.activation-api-1.2.2.jar;D:\Maven\p2p\p2p-repository\org\assertj\assertj-core\3.18.1\assertj-core-3.18.1.jar;D:\Maven\p2p\p2p-repository\org\hamcrest\hamcrest\2.2\hamcrest-2.2.jar;D:\Maven\p2p\p2p-repository\org\junit\jupiter\junit-jupiter\5.7.1\junit-jupiter-5.7.1.jar;D:\Maven\p2p\p2p-repository\org\junit\jupiter\junit-jupiter-api\5.7.1\junit-jupiter-api-5.7.1.jar;D:\Maven\p2p\p2p-repository\org\apiguardian\apiguardian-api\1.1.0\apiguardian-api-1.1.0.jar;D:\Maven\p2p\p2p-repository\org\opentest4j\opentest4j\1.2.0\opentest4j-1.2.0.jar;D:\Maven\p2p\p2p-repository\org\junit\platform\junit-platform-commons\1.7.1\junit-platform-commons-1.7.1.jar;D:\Maven\p2p\p2p-repository\org\junit\jupiter\junit-jupiter-params\5.7.1\junit-jupiter-params-5.7.1.jar;D:\Maven\p2p\p2p-repository\org\junit\jupiter\junit-jupiter-engine\5.7.1\junit-jupiter-engine-5.7.1.jar;D:\Maven\p2p\p2p-repository\org\junit\platform\junit-platform-engine\1.7.1\junit-platform-engine-1.7.1.jar;D:\Maven\p2p\p2p-repository\org\mockito\mockito-core\3.6.28\mockito-core-3.6.28.jar;D:\Maven\p2p\p2p-repository\net\bytebuddy\byte-buddy\1.10.22\byte-buddy-1.10.22.jar;D:\Maven\p2p\p2p-repository\net\bytebuddy\byte-buddy-agent\1.10.22\byte-buddy-agent-1.10.22.jar;D:\Maven\p2p\p2p-repository\org\objenesis\objenesis\3.1\objenesis-3.1.jar;D:\Maven\p2p\p2p-repository\org\mockito\mockito-junit-jupiter\3.6.28\mockito-junit-jupiter-3.6.28.jar;D:\Maven\p2p\p2p-repository\org\skyscreamer\jsonassert\1.5.0\jsonassert-1.5.0.jar;D:\Maven\p2p\p2p-repository\com\vaadin\external\google\android-json\0.0.20131108.vaadin1\android-json-0.0.20131108.vaadin1.jar;D:\Maven\p2p\p2p-repository\org\springframework\spring-test\5.3.5\spring-test-5.3.5.jar;D:\Maven\p2p\p2p-repository\org\xmlunit\xmlunit-core\2.7.0\xmlunit-core-2.7.0.jar;"/>
    <property name="sun.cpu.endian" value="little"/>
    <property name="user.home" value="C:\Users\beyon"/>
    <property name="user.language" value="zh"/>
    <property name="java.specification.vendor" value="Oracle Corporation"/>
    <property name="java.home" value="D:\Java8\jre"/>
    <property name="basedir" value="D:\JavaProjects\P2P\p2p-dataservice"/>
    <property name="file.separator" value="\"/>
    <property name="line.separator" value="&#10;"/>
    <property name="java.vm.specification.vendor" value="Oracle Corporation"/>
    <property name="java.specification.name" value="Java Platform API Specification"/>
    <property name="java.awt.graphicsenv" value="sun.awt.Win32GraphicsEnvironment"/>
    <property name="idea.version2020.1.2" value="true"/>
    <property name="surefire.real.class.path" value="C:\Users\beyon\AppData\Local\Temp\surefire1040299865045983124\surefirebooter5654694232355268443.jar"/>
    <property name="sun.boot.class.path" value="D:\Java8\jre\lib\resources.jar;D:\Java8\jre\lib\rt.jar;D:\Java8\jre\lib\sunrsasign.jar;D:\Java8\jre\lib\jsse.jar;D:\Java8\jre\lib\jce.jar;D:\Java8\jre\lib\charsets.jar;D:\Java8\jre\lib\jfr.jar;D:\Java8\jre\classes"/>
    <property name="user.script" value=""/>
    <property name="sun.management.compiler" value="HotSpot 64-Bit Tiered Compilers"/>
    <property name="java.runtime.version" value="1.8.0_251-b08"/>
    <property name="user.name" value="beyon"/>
    <property name="path.separator" value=";"/>
    <property name="os.version" value="10.0"/>
    <property name="java.endorsed.dirs" value="D:\Java8\jre\lib\endorsed"/>
    <property name="java.runtime.name" value="Java(TM) SE Runtime Environment"/>
    <property name="file.encoding" value="GBK"/>
    <property name="java.vm.name" value="Java HotSpot(TM) 64-Bit Server VM"/>
    <property name="localRepository" value="D:\Maven\p2p\p2p-repository"/>
    <property name="java.vendor.url.bug" value="http://bugreport.sun.com/bugreport/"/>
    <property name="java.io.tmpdir" value="C:\Users\beyon\AppData\Local\Temp\"/>
    <property name="java.version" value="1.8.0_251"/>
    <property name="user.dir" value="D:\JavaProjects\P2P\p2p-dataservice"/>
    <property name="os.arch" value="amd64"/>
    <property name="java.vm.specification.name" value="Java Virtual Machine Specification"/>
    <property name="java.awt.printerjob" value="sun.awt.windows.WPrinterJob"/>
    <property name="sun.os.patch.level" value=""/>
    <property name="java.library.path" value="D:\Java8\jre\bin;C:\Windows\Sun\Java\bin;C:\Windows\system32;C:\Windows;C:\Windows\system32;C:\Windows;C:\Windows\System32\Wbem;C:\Windows\System32\WindowsPowerShell\v1.0\;C:\Windows\System32\OpenSSH\;D:\Java8\bin;D:\Git\cmd;D:\Maven\bin;C:\Program Files (x86)\MySQL\MySQL Server 5.5\bin;D:\Tomcat\bin;C:\Users\beyon\AppData\Local\Microsoft\WindowsApps;;."/>
    <property name="java.vm.info" value="mixed mode"/>
    <property name="java.vendor" value="Oracle Corporation"/>
    <property name="java.vm.version" value="25.251-b08"/>
    <property name="java.ext.dirs" value="D:\Java8\jre\lib\ext;C:\Windows\Sun\Java\lib\ext"/>
    <property name="sun.io.unicode.encoding" value="UnicodeLittle"/>
    <property name="maven.repo.local" value="D:\Maven\p2p\p2p-repository"/>
    <property name="java.class.version" value="52.0"/>
  </properties>
  <testcase name="contextLoads" classname="com.bjpowernode.dataservice.P2pDataserviceApplicationTests" time="0.001">
    <error message="Failed to load ApplicationContext" type="java.lang.IllegalStateException">java.lang.IllegalStateException: Failed to load ApplicationContext
Caused by: org.springframework.beans.factory.BeanCreationException: Error creating bean with name 'dataSource' defined in class path resource [org/springframework/boot/autoconfigure/jdbc/DataSourceConfiguration$Hikari.class]: Bean instantiation via factory method failed; nested exception is org.springframework.beans.BeanInstantiationException: Failed to instantiate [com.zaxxer.hikari.HikariDataSource]: Factory method 'dataSource' threw exception; nested exception is org.springframework.boot.autoconfigure.jdbc.DataSourceProperties$DataSourceBeanCreationException: Failed to determine a suitable driver class
Caused by: org.springframework.beans.BeanInstantiationException: Failed to instantiate [com.zaxxer.hikari.HikariDataSource]: Factory method 'dataSource' threw exception; nested exception is org.springframework.boot.autoconfigure.jdbc.DataSourceProperties$DataSourceBeanCreationException: Failed to determine a suitable driver class
Caused by: org.springframework.boot.autoconfigure.jdbc.DataSourceProperties$DataSourceBeanCreationException: Failed to determine a suitable driver class
</error>
    <system-out><![CDATA[20:17:38.659 [main] DEBUG org.springframework.test.context.BootstrapUtils - Instantiating CacheAwareContextLoaderDelegate from class [org.springframework.test.context.cache.DefaultCacheAwareContextLoaderDelegate]
20:17:38.667 [main] DEBUG org.springframework.test.context.BootstrapUtils - Instantiating BootstrapContext using constructor [public org.springframework.test.context.support.DefaultBootstrapContext(java.lang.Class,org.springframework.test.context.CacheAwareContextLoaderDelegate)]
20:17:38.693 [main] DEBUG org.springframework.test.context.BootstrapUtils - Instantiating TestContextBootstrapper for test class [com.bjpowernode.dataservice.P2pDataserviceApplicationTests] from class [org.springframework.boot.test.context.SpringBootTestContextBootstrapper]
20:17:38.701 [main] INFO org.springframework.boot.test.context.SpringBootTestContextBootstrapper - Neither @ContextConfiguration nor @ContextHierarchy found for test class [com.bjpowernode.dataservice.P2pDataserviceApplicationTests], using SpringBootContextLoader
20:17:38.704 [main] DEBUG org.springframework.test.context.support.AbstractContextLoader - Did not detect default resource location for test class [com.bjpowernode.dataservice.P2pDataserviceApplicationTests]: class path resource [com/bjpowernode/dataservice/P2pDataserviceApplicationTests-context.xml] does not exist
20:17:38.704 [main] DEBUG org.springframework.test.context.support.AbstractContextLoader - Did not detect default resource location for test class [com.bjpowernode.dataservice.P2pDataserviceApplicationTests]: class path resource [com/bjpowernode/dataservice/P2pDataserviceApplicationTestsContext.groovy] does not exist
20:17:38.704 [main] INFO org.springframework.test.context.support.AbstractContextLoader - Could not detect default resource locations for test class [com.bjpowernode.dataservice.P2pDataserviceApplicationTests]: no resource found for suffixes {-context.xml, Context.groovy}.
20:17:38.705 [main] INFO org.springframework.test.context.support.AnnotationConfigContextLoaderUtils - Could not detect default configuration classes for test class [com.bjpowernode.dataservice.P2pDataserviceApplicationTests]: P2pDataserviceApplicationTests does not declare any static, non-private, non-final, nested classes annotated with @Configuration.
20:17:38.734 [main] DEBUG org.springframework.test.context.support.ActiveProfilesUtils - Could not find an 'annotation declaring class' for annotation type [org.springframework.test.context.ActiveProfiles] and class [com.bjpowernode.dataservice.P2pDataserviceApplicationTests]
20:17:38.780 [main] DEBUG org.springframework.context.annotation.ClassPathScanningCandidateComponentProvider - Identified candidate component class: file [D:\JavaProjects\P2P\p2p-dataservice\target\classes\com\bjpowernode\dataservice\P2pDataserviceApplication.class]
20:17:38.782 [main] INFO org.springframework.boot.test.context.SpringBootTestContextBootstrapper - Found @SpringBootConfiguration com.bjpowernode.dataservice.P2pDataserviceApplication for test class com.bjpowernode.dataservice.P2pDataserviceApplicationTests
20:17:38.863 [main] DEBUG org.springframework.boot.test.context.SpringBootTestContextBootstrapper - @TestExecutionListeners is not present for class [com.bjpowernode.dataservice.P2pDataserviceApplicationTests]: using defaults.
20:17:38.864 [main] INFO org.springframework.boot.test.context.SpringBootTestContextBootstrapper - Loaded default TestExecutionListener class names from location [META-INF/spring.factories]: [org.springframework.boot.test.mock.mockito.MockitoTestExecutionListener, org.springframework.boot.test.mock.mockito.ResetMocksTestExecutionListener, org.springframework.boot.test.autoconfigure.restdocs.RestDocsTestExecutionListener, org.springframework.boot.test.autoconfigure.web.client.MockRestServiceServerResetTestExecutionListener, org.springframework.boot.test.autoconfigure.web.servlet.MockMvcPrintOnlyOnFailureTestExecutionListener, org.springframework.boot.test.autoconfigure.web.servlet.WebDriverTestExecutionListener, org.springframework.boot.test.autoconfigure.webservices.client.MockWebServiceServerTestExecutionListener, org.springframework.test.context.web.ServletTestExecutionListener, org.springframework.test.context.support.DirtiesContextBeforeModesTestExecutionListener, org.springframework.test.context.event.ApplicationEventsTestExecutionListener, org.springframework.test.context.support.DependencyInjectionTestExecutionListener, org.springframework.test.context.support.DirtiesContextTestExecutionListener, org.springframework.test.context.transaction.TransactionalTestExecutionListener, org.springframework.test.context.jdbc.SqlScriptsTestExecutionListener, org.springframework.test.context.event.EventPublishingTestExecutionListener]
20:17:38.871 [main] DEBUG org.springframework.boot.test.context.SpringBootTestContextBootstrapper - Skipping candidate TestExecutionListener [org.springframework.test.context.web.ServletTestExecutionListener] due to a missing dependency. Specify custom listener classes or make the default listener classes and their required dependencies available. Offending class: [javax/servlet/ServletContext]
20:17:38.876 [main] INFO org.springframework.boot.test.context.SpringBootTestContextBootstrapper - Using TestExecutionListeners: [org.springframework.test.context.support.DirtiesContextBeforeModesTestExecutionListener@2ddc9a9f, org.springframework.test.context.event.ApplicationEventsTestExecutionListener@298a5e20, org.springframework.boot.test.mock.mockito.MockitoTestExecutionListener@2a7f1f10, org.springframework.boot.test.autoconfigure.SpringBootDependencyInjectionTestExecutionListener@46cdf8bd, org.springframework.test.context.support.DirtiesContextTestExecutionListener@f0c8a99, org.springframework.test.context.transaction.TransactionalTestExecutionListener@740cae06, org.springframework.test.context.jdbc.SqlScriptsTestExecutionListener@26d9b808, org.springframework.test.context.event.EventPublishingTestExecutionListener@f78a47e, org.springframework.boot.test.mock.mockito.ResetMocksTestExecutionListener@644baf4a, org.springframework.boot.test.autoconfigure.restdocs.RestDocsTestExecutionListener@7526515b, org.springframework.boot.test.autoconfigure.web.client.MockRestServiceServerResetTestExecutionListener@1ed4ae0f, org.springframework.boot.test.autoconfigure.web.servlet.MockMvcPrintOnlyOnFailureTestExecutionListener@54c5a2ff, org.springframework.boot.test.autoconfigure.web.servlet.WebDriverTestExecutionListener@6d4d66d2, org.springframework.boot.test.autoconfigure.webservices.client.MockWebServiceServerTestExecutionListener@2a265ea9]
20:17:38.881 [main] DEBUG org.springframework.test.context.support.AbstractDirtiesContextTestExecutionListener - Before test class: context [DefaultTestContext@7674f035 testClass = P2pDataserviceApplicationTests, testInstance = [null], testMethod = [null], testException = [null], mergedContextConfiguration = [MergedContextConfiguration@69e153c5 testClass = P2pDataserviceApplicationTests, locations = '{}', classes = '{class com.bjpowernode.dataservice.P2pDataserviceApplication}', contextInitializerClasses = '[]', activeProfiles = '{}', propertySourceLocations = '{}', propertySourceProperties = '{org.springframework.boot.test.context.SpringBootTestContextBootstrapper=true}', contextCustomizers = set[org.springframework.boot.test.context.filter.ExcludeFilterContextCustomizer@15c43bd9, org.springframework.boot.test.json.DuplicateJsonObjectContextCustomizerFactory$DuplicateJsonObjectContextCustomizer@15eb5ee5, org.springframework.boot.test.mock.mockito.MockitoContextCustomizer@0, org.springframework.boot.test.web.client.TestRestTemplateContextCustomizer@1ea9f6af, org.springframework.boot.test.autoconfigure.actuate.metrics.MetricsExportContextCustomizerFactory$DisableMetricExportContextCustomizer@7714e963, org.springframework.boot.test.autoconfigure.properties.PropertyMappingContextCustomizer@0, org.springframework.boot.test.autoconfigure.web.servlet.WebDriverContextCustomizerFactory$Customizer@14dd9eb7, org.springframework.boot.test.context.SpringBootTestArgs@1, org.springframework.boot.test.context.SpringBootTestWebEnvironment@5034c75a], contextLoader = 'org.springframework.boot.test.context.SpringBootContextLoader', parent = [null]], attributes = map[[empty]]], class annotated with @DirtiesContext [false] with mode [null].
20:17:38.895 [main] DEBUG org.springframework.test.context.support.DependencyInjectionTestExecutionListener - Performing dependency injection for test context [[DefaultTestContext@7674f035 testClass = P2pDataserviceApplicationTests, testInstance = com.bjpowernode.dataservice.P2pDataserviceApplicationTests@68c9133c, testMethod = [null], testException = [null], mergedContextConfiguration = [MergedContextConfiguration@69e153c5 testClass = P2pDataserviceApplicationTests, locations = '{}', classes = '{class com.bjpowernode.dataservice.P2pDataserviceApplication}', contextInitializerClasses = '[]', activeProfiles = '{}', propertySourceLocations = '{}', propertySourceProperties = '{org.springframework.boot.test.context.SpringBootTestContextBootstrapper=true}', contextCustomizers = set[org.springframework.boot.test.context.filter.ExcludeFilterContextCustomizer@15c43bd9, org.springframework.boot.test.json.DuplicateJsonObjectContextCustomizerFactory$DuplicateJsonObjectContextCustomizer@15eb5ee5, org.springframework.boot.test.mock.mockito.MockitoContextCustomizer@0, org.springframework.boot.test.web.client.TestRestTemplateContextCustomizer@1ea9f6af, org.springframework.boot.test.autoconfigure.actuate.metrics.MetricsExportContextCustomizerFactory$DisableMetricExportContextCustomizer@7714e963, org.springframework.boot.test.autoconfigure.properties.PropertyMappingContextCustomizer@0, org.springframework.boot.test.autoconfigure.web.servlet.WebDriverContextCustomizerFactory$Customizer@14dd9eb7, org.springframework.boot.test.context.SpringBootTestArgs@1, org.springframework.boot.test.context.SpringBootTestWebEnvironment@5034c75a], contextLoader = 'org.springframework.boot.test.context.SpringBootContextLoader', parent = [null]], attributes = map['org.springframework.test.context.event.ApplicationEventsTestExecutionListener.recordApplicationEvents' -> false]]].
20:17:38.917 [main] DEBUG org.springframework.test.context.support.TestPropertySourceUtils - Adding inlined properties to environment: {spring.jmx.enabled=false, org.springframework.boot.test.context.SpringBootTestContextBootstrapper=true}
2021-04-10 20:17:39.085  INFO 9784 --- [           main] d.s.b.c.e.WelcomeLogoApplicationListener : 

 :: Dubbo Spring Boot (v2.7.8) : https://github.com/apache/dubbo-spring-boot-project
 :: Dubbo (v2.7.8) : https://github.com/apache/dubbo
 :: Discuss group : dev@dubbo.apache.org

2021-04-10 20:17:39.088  INFO 9784 --- [           main] e.OverrideDubboConfigApplicationListener : Dubbo Config was overridden by externalized configuration {dubbo.application.qos-enable=false, dubbo.config.multiple=true}

  .   ____          _            __ _ _
 /\\ / ___'_ __ _ _(_)_ __  __ _ \ \ \ \
( ( )\___ | '_ | '_| | '_ \/ _` | \ \ \ \
 \\/  ___)| |_)| | | | | || (_| |  ) ) ) )
  '  |____| .__|_| |_|_| |_\__, | / / / /
 =========|_|==============|___/=/_/_/_/
 :: Spring Boot ::                (v2.4.4)

2021-04-10 20:17:39.160  INFO 9784 --- [           main] c.b.d.P2pDataserviceApplicationTests     : Starting P2pDataserviceApplicationTests using Java 1.8.0_251 on DESKTOP-MR0T5M6 with PID 9784 (started by beyon in D:\JavaProjects\P2P\p2p-dataservice)
2021-04-10 20:17:39.162  INFO 9784 --- [           main] c.b.d.P2pDataserviceApplicationTests     : No active profile set, falling back to default profiles: default
2021-04-10 20:17:39.395  INFO 9784 --- [           main] com.alibaba.spring.util.BeanRegistrar    : The Infrastructure bean definition [Root bean: class [org.apache.dubbo.config.spring.beans.factory.annotation.ReferenceAnnotationBeanPostProcessor]; scope=; abstract=false; lazyInit=null; autowireMode=0; dependencyCheck=0; autowireCandidate=true; primary=false; factoryBeanName=null; factoryMethodName=null; initMethodName=null; destroyMethodName=nullwith name [referenceAnnotationBeanPostProcessor] has been registered.
2021-04-10 20:17:39.396  INFO 9784 --- [           main] com.alibaba.spring.util.BeanRegistrar    : The Infrastructure bean definition [Root bean: class [org.apache.dubbo.config.spring.beans.factory.annotation.DubboConfigAliasPostProcessor]; scope=; abstract=false; lazyInit=null; autowireMode=0; dependencyCheck=0; autowireCandidate=true; primary=false; factoryBeanName=null; factoryMethodName=null; initMethodName=null; destroyMethodName=nullwith name [dubboConfigAliasPostProcessor] has been registered.
2021-04-10 20:17:39.397  INFO 9784 --- [           main] com.alibaba.spring.util.BeanRegistrar    : The Infrastructure bean definition [Root bean: class [org.apache.dubbo.config.spring.context.DubboLifecycleComponentApplicationListener]; scope=; abstract=false; lazyInit=null; autowireMode=0; dependencyCheck=0; autowireCandidate=true; primary=false; factoryBeanName=null; factoryMethodName=null; initMethodName=null; destroyMethodName=nullwith name [dubboLifecycleComponentApplicationListener] has been registered.
2021-04-10 20:17:39.397  INFO 9784 --- [           main] com.alibaba.spring.util.BeanRegistrar    : The Infrastructure bean definition [Root bean: class [org.apache.dubbo.config.spring.context.DubboBootstrapApplicationListener]; scope=; abstract=false; lazyInit=null; autowireMode=0; dependencyCheck=0; autowireCandidate=true; primary=false; factoryBeanName=null; factoryMethodName=null; initMethodName=null; destroyMethodName=nullwith name [dubboBootstrapApplicationListener] has been registered.
2021-04-10 20:17:39.398  INFO 9784 --- [           main] com.alibaba.spring.util.BeanRegistrar    : The Infrastructure bean definition [Root bean: class [org.apache.dubbo.config.spring.beans.factory.config.DubboConfigDefaultPropertyValueBeanPostProcessor]; scope=; abstract=false; lazyInit=null; autowireMode=0; dependencyCheck=0; autowireCandidate=true; primary=false; factoryBeanName=null; factoryMethodName=null; initMethodName=null; destroyMethodName=nullwith name [dubboConfigDefaultPropertyValueBeanPostProcessor] has been registered.
2021-04-10 20:17:39.454  INFO 9784 --- [           main] .b.f.a.ConfigurationBeanBindingRegistrar : The configuration bean definition [name : org.apache.dubbo.config.ApplicationConfig#0, content : Root bean: class [org.apache.dubbo.config.ApplicationConfig]; scope=; abstract=false; lazyInit=null; autowireMode=0; dependencyCheck=0; autowireCandidate=true; primary=false; factoryBeanName=null; factoryMethodName=null; initMethodName=null; destroyMethodName=null] has been registered.
2021-04-10 20:17:39.454  INFO 9784 --- [           main] com.alibaba.spring.util.BeanRegistrar    : The Infrastructure bean definition [Root bean: class [com.alibaba.spring.beans.factory.annotation.ConfigurationBeanBindingPostProcessor]; scope=; abstract=false; lazyInit=null; autowireMode=0; dependencyCheck=0; autowireCandidate=true; primary=false; factoryBeanName=null; factoryMethodName=null; initMethodName=null; destroyMethodName=nullwith name [configurationBeanBindingPostProcessor] has been registered.
2021-04-10 20:17:39.519  WARN 9784 --- [           main] o.m.s.mapper.ClassPathMapperScanner      : No MyBatis mapper was found in '[com.bjpowernode.dataservice]' package. Please check your configuration.
2021-04-10 20:17:39.520  INFO 9784 --- [           main] o.s.c.a.ConfigurationClassPostProcessor  : Cannot enhance @Configuration bean definition 'org.apache.dubbo.spring.boot.autoconfigure.DubboAutoConfiguration' since its singleton instance has been created too early. The typical cause is a non-static @Bean method with a BeanDefinitionRegistryPostProcessor return type: Consider declaring such methods as 'static'.
2021-04-10 20:17:39.777  WARN 9784 --- [           main] s.c.a.AnnotationConfigApplicationContext : Exception encountered during context initialization - cancelling refresh attempt: org.springframework.beans.factory.BeanCreationException: Error creating bean with name 'dataSource' defined in class path resource [org/springframework/boot/autoconfigure/jdbc/DataSourceConfiguration$Hikari.class]: Bean instantiation via factory method failed; nested exception is org.springframework.beans.BeanInstantiationException: Failed to instantiate [com.zaxxer.hikari.HikariDataSource]: Factory method 'dataSource' threw exception; nested exception is org.springframework.boot.autoconfigure.jdbc.DataSourceProperties$DataSourceBeanCreationException: Failed to determine a suitable driver class
2021-04-10 20:17:39.777  INFO 9784 --- [           main] f.a.ReferenceAnnotationBeanPostProcessor : class org.apache.dubbo.config.spring.beans.factory.annotation.ReferenceAnnotationBeanPostProcessor was destroying!
2021-04-10 20:17:39.787  INFO 9784 --- [           main] ConditionEvaluationReportLoggingListener : 

Error starting ApplicationContext. To display the conditions report re-run your application with 'debug' enabled.
2021-04-10 20:17:39.802 ERROR 9784 --- [           main] o.s.b.d.LoggingFailureAnalysisReporter   : 

***************************
APPLICATION FAILED TO START
***************************

Description:

Failed to configure a DataSource: 'url' attribute is not specified and no embedded datasource could be configured.

Reason: Failed to determine a suitable driver class


Action:

Consider the following:
	If you want an embedded database (H2, HSQL or Derby), please put it on the classpath.
	If you have database settings to be loaded from a particular profile you may need to activate it (no profiles are currently active).

2021-04-10 20:17:39.820  INFO 9784 --- [           main] e.OverrideDubboConfigApplicationListener : Dubbo Config was overridden by externalized configuration {dubbo.application.qos-enable=false, dubbo.config.multiple=true}

  .   ____          _            __ _ _
 /\\ / ___'_ __ _ _(_)_ __  __ _ \ \ \ \
( ( )\___ | '_ | '_| | '_ \/ _` | \ \ \ \
 \\/  ___)| |_)| | | | | || (_| |  ) ) ) )
  '  |____| .__|_| |_|_| |_\__, | / / / /
 =========|_|==============|___/=/_/_/_/
 :: Spring Boot ::                (v2.4.4)

2021-04-10 20:17:39.829  INFO 9784 --- [           main] c.b.d.P2pDataserviceApplicationTests     : Starting P2pDataserviceApplicationTests using Java 1.8.0_251 on DESKTOP-MR0T5M6 with PID 9784 (started by beyon in D:\JavaProjects\P2P\p2p-dataservice)
2021-04-10 20:17:39.830  INFO 9784 --- [           main] c.b.d.P2pDataserviceApplicationTests     : No active profile set, falling back to default profiles: default
2021-04-10 20:17:39.910  INFO 9784 --- [           main] com.alibaba.spring.util.BeanRegistrar    : The Infrastructure bean definition [Root bean: class [org.apache.dubbo.config.spring.beans.factory.annotation.ReferenceAnnotationBeanPostProcessor]; scope=; abstract=false; lazyInit=null; autowireMode=0; dependencyCheck=0; autowireCandidate=true; primary=false; factoryBeanName=null; factoryMethodName=null; initMethodName=null; destroyMethodName=nullwith name [referenceAnnotationBeanPostProcessor] has been registered.
2021-04-10 20:17:39.911  INFO 9784 --- [           main] com.alibaba.spring.util.BeanRegistrar    : The Infrastructure bean definition [Root bean: class [org.apache.dubbo.config.spring.beans.factory.annotation.DubboConfigAliasPostProcessor]; scope=; abstract=false; lazyInit=null; autowireMode=0; dependencyCheck=0; autowireCandidate=true; primary=false; factoryBeanName=null; factoryMethodName=null; initMethodName=null; destroyMethodName=nullwith name [dubboConfigAliasPostProcessor] has been registered.
2021-04-10 20:17:39.911  INFO 9784 --- [           main] com.alibaba.spring.util.BeanRegistrar    : The Infrastructure bean definition [Root bean: class [org.apache.dubbo.config.spring.context.DubboLifecycleComponentApplicationListener]; scope=; abstract=false; lazyInit=null; autowireMode=0; dependencyCheck=0; autowireCandidate=true; primary=false; factoryBeanName=null; factoryMethodName=null; initMethodName=null; destroyMethodName=nullwith name [dubboLifecycleComponentApplicationListener] has been registered.
2021-04-10 20:17:39.911  INFO 9784 --- [           main] com.alibaba.spring.util.BeanRegistrar    : The Infrastructure bean definition [Root bean: class [org.apache.dubbo.config.spring.context.DubboBootstrapApplicationListener]; scope=; abstract=false; lazyInit=null; autowireMode=0; dependencyCheck=0; autowireCandidate=true; primary=false; factoryBeanName=null; factoryMethodName=null; initMethodName=null; destroyMethodName=nullwith name [dubboBootstrapApplicationListener] has been registered.
2021-04-10 20:17:39.911  INFO 9784 --- [           main] com.alibaba.spring.util.BeanRegistrar    : The Infrastructure bean definition [Root bean: class [org.apache.dubbo.config.spring.beans.factory.config.DubboConfigDefaultPropertyValueBeanPostProcessor]; scope=; abstract=false; lazyInit=null; autowireMode=0; dependencyCheck=0; autowireCandidate=true; primary=false; factoryBeanName=null; factoryMethodName=null; initMethodName=null; destroyMethodName=nullwith name [dubboConfigDefaultPropertyValueBeanPostProcessor] has been registered.
2021-04-10 20:17:39.934  INFO 9784 --- [           main] .b.f.a.ConfigurationBeanBindingRegistrar : The configuration bean definition [name : org.apache.dubbo.config.ApplicationConfig#0, content : Root bean: class [org.apache.dubbo.config.ApplicationConfig]; scope=; abstract=false; lazyInit=null; autowireMode=0; dependencyCheck=0; autowireCandidate=true; primary=false; factoryBeanName=null; factoryMethodName=null; initMethodName=null; destroyMethodName=null] has been registered.
2021-04-10 20:17:39.934  INFO 9784 --- [           main] com.alibaba.spring.util.BeanRegistrar    : The Infrastructure bean definition [Root bean: class [com.alibaba.spring.beans.factory.annotation.ConfigurationBeanBindingPostProcessor]; scope=; abstract=false; lazyInit=null; autowireMode=0; dependencyCheck=0; autowireCandidate=true; primary=false; factoryBeanName=null; factoryMethodName=null; initMethodName=null; destroyMethodName=nullwith name [configurationBeanBindingPostProcessor] has been registered.
2021-04-10 20:17:39.937  WARN 9784 --- [           main] o.m.s.mapper.ClassPathMapperScanner      : No MyBatis mapper was found in '[com.bjpowernode.dataservice]' package. Please check your configuration.
2021-04-10 20:17:39.938  INFO 9784 --- [           main] o.s.c.a.ConfigurationClassPostProcessor  : Cannot enhance @Configuration bean definition 'org.apache.dubbo.spring.boot.autoconfigure.DubboAutoConfiguration' since its singleton instance has been created too early. The typical cause is a non-static @Bean method with a BeanDefinitionRegistryPostProcessor return type: Consider declaring such methods as 'static'.
2021-04-10 20:17:40.013  WARN 9784 --- [           main] s.c.a.AnnotationConfigApplicationContext : Exception encountered during context initialization - cancelling refresh attempt: org.springframework.beans.factory.BeanCreationException: Error creating bean with name 'dataSource' defined in class path resource [org/springframework/boot/autoconfigure/jdbc/DataSourceConfiguration$Hikari.class]: Bean instantiation via factory method failed; nested exception is org.springframework.beans.BeanInstantiationException: Failed to instantiate [com.zaxxer.hikari.HikariDataSource]: Factory method 'dataSource' threw exception; nested exception is org.springframework.boot.autoconfigure.jdbc.DataSourceProperties$DataSourceBeanCreationException: Failed to determine a suitable driver class
2021-04-10 20:17:40.013  INFO 9784 --- [           main] f.a.ReferenceAnnotationBeanPostProcessor : class org.apache.dubbo.config.spring.beans.factory.annotation.ReferenceAnnotationBeanPostProcessor was destroying!
2021-04-10 20:17:40.015  INFO 9784 --- [           main] ConditionEvaluationReportLoggingListener : 

Error starting ApplicationContext. To display the conditions report re-run your application with 'debug' enabled.
2021-04-10 20:17:40.017 ERROR 9784 --- [           main] o.s.b.d.LoggingFailureAnalysisReporter   : 

***************************
APPLICATION FAILED TO START
***************************

Description:

Failed to configure a DataSource: 'url' attribute is not specified and no embedded datasource could be configured.

Reason: Failed to determine a suitable driver class


Action:

Consider the following:
	If you want an embedded database (H2, HSQL or Derby), please put it on the classpath.
	If you have database settings to be loaded from a particular profile you may need to activate it (no profiles are currently active).

2021-04-10 20:17:40.023 ERROR 9784 --- [           main] o.s.test.context.TestContextManager      : Caught exception while allowing TestExecutionListener [org.springframework.boot.test.autoconfigure.SpringBootDependencyInjectionTestExecutionListener@46cdf8bd] to prepare test instance [com.bjpowernode.dataservice.P2pDataserviceApplicationTests@68c9133c]

java.lang.IllegalStateException: Failed to load ApplicationContext
	at org.springframework.test.context.cache.DefaultCacheAwareContextLoaderDelegate.loadContext(DefaultCacheAwareContextLoaderDelegate.java:132) ~[spring-test-5.3.5.jar:5.3.5]
	at org.springframework.test.context.support.DefaultTestContext.getApplicationContext(DefaultTestContext.java:124) ~[spring-test-5.3.5.jar:5.3.5]
	at org.springframework.test.context.support.DependencyInjectionTestExecutionListener.injectDependencies(DependencyInjectionTestExecutionListener.java:118) ~[spring-test-5.3.5.jar:5.3.5]
	at org.springframework.test.context.support.DependencyInjectionTestExecutionListener.prepareTestInstance(DependencyInjectionTestExecutionListener.java:83) ~[spring-test-5.3.5.jar:5.3.5]
	at org.springframework.boot.test.autoconfigure.SpringBootDependencyInjectionTestExecutionListener.prepareTestInstance(SpringBootDependencyInjectionTestExecutionListener.java:43) ~[spring-boot-test-autoconfigure-2.4.4.jar:2.4.4]
	at org.springframework.test.context.TestContextManager.prepareTestInstance(TestContextManager.java:244) ~[spring-test-5.3.5.jar:5.3.5]
	at org.springframework.test.context.junit.jupiter.SpringExtension.postProcessTestInstance(SpringExtension.java:138) [spring-test-5.3.5.jar:5.3.5]
	at org.junit.jupiter.engine.descriptor.ClassBasedTestDescriptor.lambda$invokeTestInstancePostProcessors$6(ClassBasedTestDescriptor.java:350) [junit-jupiter-engine-5.7.1.jar:5.7.1]
	at org.junit.jupiter.engine.descriptor.ClassBasedTestDescriptor.executeAndMaskThrowable(ClassBasedTestDescriptor.java:355) [junit-jupiter-engine-5.7.1.jar:5.7.1]
	at org.junit.jupiter.engine.descriptor.ClassBasedTestDescriptor.lambda$invokeTestInstancePostProcessors$7(ClassBasedTestDescriptor.java:350) [junit-jupiter-engine-5.7.1.jar:5.7.1]
	at java.util.stream.ReferencePipeline$3$1.accept(ReferencePipeline.java:193) ~[na:1.8.0_251]
	at java.util.stream.ReferencePipeline$2$1.accept(ReferencePipeline.java:175) ~[na:1.8.0_251]
	at java.util.ArrayList$ArrayListSpliterator.forEachRemaining(ArrayList.java:1382) ~[na:1.8.0_251]
	at java.util.stream.AbstractPipeline.copyInto(AbstractPipeline.java:482) ~[na:1.8.0_251]
	at java.util.stream.AbstractPipeline.wrapAndCopyInto(AbstractPipeline.java:472) ~[na:1.8.0_251]
	at java.util.stream.StreamSpliterators$WrappingSpliterator.forEachRemaining(StreamSpliterators.java:312) ~[na:1.8.0_251]
	at java.util.stream.Streams$ConcatSpliterator.forEachRemaining(Streams.java:743) ~[na:1.8.0_251]
	at java.util.stream.Streams$ConcatSpliterator.forEachRemaining(Streams.java:742) ~[na:1.8.0_251]
	at java.util.stream.ReferencePipeline$Head.forEach(ReferencePipeline.java:580) ~[na:1.8.0_251]
	at org.junit.jupiter.engine.descriptor.ClassBasedTestDescriptor.invokeTestInstancePostProcessors(ClassBasedTestDescriptor.java:349) [junit-jupiter-engine-5.7.1.jar:5.7.1]
	at org.junit.jupiter.engine.descriptor.ClassBasedTestDescriptor.lambda$instantiateAndPostProcessTestInstance$4(ClassBasedTestDescriptor.java:270) [junit-jupiter-engine-5.7.1.jar:5.7.1]
	at org.junit.platform.engine.support.hierarchical.ThrowableCollector.execute(ThrowableCollector.java:73) ~[junit-platform-engine-1.7.1.jar:1.7.1]
	at org.junit.jupiter.engine.descriptor.ClassBasedTestDescriptor.instantiateAndPostProcessTestInstance(ClassBasedTestDescriptor.java:269) [junit-jupiter-engine-5.7.1.jar:5.7.1]
	at org.junit.jupiter.engine.descriptor.ClassBasedTestDescriptor.lambda$testInstancesProvider$2(ClassBasedTestDescriptor.java:259) [junit-jupiter-engine-5.7.1.jar:5.7.1]
	at java.util.Optional.orElseGet(Optional.java:267) ~[na:1.8.0_251]
	at org.junit.jupiter.engine.descriptor.ClassBasedTestDescriptor.lambda$testInstancesProvider$3(ClassBasedTestDescriptor.java:258) [junit-jupiter-engine-5.7.1.jar:5.7.1]
	at org.junit.jupiter.engine.execution.TestInstancesProvider.getTestInstances(TestInstancesProvider.java:31) ~[junit-jupiter-engine-5.7.1.jar:5.7.1]
	at org.junit.jupiter.engine.descriptor.TestMethodTestDescriptor.lambda$prepare$0(TestMethodTestDescriptor.java:101) ~[junit-jupiter-engine-5.7.1.jar:5.7.1]
	at org.junit.platform.engine.support.hierarchical.ThrowableCollector.execute(ThrowableCollector.java:73) ~[junit-platform-engine-1.7.1.jar:1.7.1]
	at org.junit.jupiter.engine.descriptor.TestMethodTestDescriptor.prepare(TestMethodTestDescriptor.java:100) ~[junit-jupiter-engine-5.7.1.jar:5.7.1]
	at org.junit.jupiter.engine.descriptor.TestMethodTestDescriptor.prepare(TestMethodTestDescriptor.java:65) ~[junit-jupiter-engine-5.7.1.jar:5.7.1]
	at org.junit.platform.engine.support.hierarchical.NodeTestTask.lambda$prepare$1(NodeTestTask.java:111) ~[junit-platform-engine-1.7.1.jar:1.7.1]
	at org.junit.platform.engine.support.hierarchical.ThrowableCollector.execute(ThrowableCollector.java:73) ~[junit-platform-engine-1.7.1.jar:1.7.1]
	at org.junit.platform.engine.support.hierarchical.NodeTestTask.prepare(NodeTestTask.java:111) ~[junit-platform-engine-1.7.1.jar:1.7.1]
	at org.junit.platform.engine.support.hierarchical.NodeTestTask.execute(NodeTestTask.java:79) ~[junit-platform-engine-1.7.1.jar:1.7.1]
	at java.util.ArrayList.forEach(ArrayList.java:1257) ~[na:1.8.0_251]
	at org.junit.platform.engine.support.hierarchical.SameThreadHierarchicalTestExecutorService.invokeAll(SameThreadHierarchicalTestExecutorService.java:38) ~[junit-platform-engine-1.7.1.jar:1.7.1]
	at org.junit.platform.engine.support.hierarchical.NodeTestTask.lambda$executeRecursively$5(NodeTestTask.java:143) ~[junit-platform-engine-1.7.1.jar:1.7.1]
	at org.junit.platform.engine.support.hierarchical.ThrowableCollector.execute(ThrowableCollector.java:73) ~[junit-platform-engine-1.7.1.jar:1.7.1]
	at org.junit.platform.engine.support.hierarchical.NodeTestTask.lambda$executeRecursively$7(NodeTestTask.java:129) ~[junit-platform-engine-1.7.1.jar:1.7.1]
	at org.junit.platform.engine.support.hierarchical.Node.around(Node.java:137) ~[junit-platform-engine-1.7.1.jar:1.7.1]
	at org.junit.platform.engine.support.hierarchical.NodeTestTask.lambda$executeRecursively$8(NodeTestTask.java:127) ~[junit-platform-engine-1.7.1.jar:1.7.1]
	at org.junit.platform.engine.support.hierarchical.ThrowableCollector.execute(ThrowableCollector.java:73) ~[junit-platform-engine-1.7.1.jar:1.7.1]
	at org.junit.platform.engine.support.hierarchical.NodeTestTask.executeRecursively(NodeTestTask.java:126) ~[junit-platform-engine-1.7.1.jar:1.7.1]
	at org.junit.platform.engine.support.hierarchical.NodeTestTask.execute(NodeTestTask.java:84) ~[junit-platform-engine-1.7.1.jar:1.7.1]
	at java.util.ArrayList.forEach(ArrayList.java:1257) ~[na:1.8.0_251]
	at org.junit.platform.engine.support.hierarchical.SameThreadHierarchicalTestExecutorService.invokeAll(SameThreadHierarchicalTestExecutorService.java:38) ~[junit-platform-engine-1.7.1.jar:1.7.1]
	at org.junit.platform.engine.support.hierarchical.NodeTestTask.lambda$executeRecursively$5(NodeTestTask.java:143) ~[junit-platform-engine-1.7.1.jar:1.7.1]
	at org.junit.platform.engine.support.hierarchical.ThrowableCollector.execute(ThrowableCollector.java:73) ~[junit-platform-engine-1.7.1.jar:1.7.1]
	at org.junit.platform.engine.support.hierarchical.NodeTestTask.lambda$executeRecursively$7(NodeTestTask.java:129) ~[junit-platform-engine-1.7.1.jar:1.7.1]
	at org.junit.platform.engine.support.hierarchical.Node.around(Node.java:137) ~[junit-platform-engine-1.7.1.jar:1.7.1]
	at org.junit.platform.engine.support.hierarchical.NodeTestTask.lambda$executeRecursively$8(NodeTestTask.java:127) ~[junit-platform-engine-1.7.1.jar:1.7.1]
	at org.junit.platform.engine.support.hierarchical.ThrowableCollector.execute(ThrowableCollector.java:73) ~[junit-platform-engine-1.7.1.jar:1.7.1]
	at org.junit.platform.engine.support.hierarchical.NodeTestTask.executeRecursively(NodeTestTask.java:126) ~[junit-platform-engine-1.7.1.jar:1.7.1]
	at org.junit.platform.engine.support.hierarchical.NodeTestTask.execute(NodeTestTask.java:84) ~[junit-platform-engine-1.7.1.jar:1.7.1]
	at org.junit.platform.engine.support.hierarchical.SameThreadHierarchicalTestExecutorService.submit(SameThreadHierarchicalTestExecutorService.java:32) ~[junit-platform-engine-1.7.1.jar:1.7.1]
	at org.junit.platform.engine.support.hierarchical.HierarchicalTestExecutor.execute(HierarchicalTestExecutor.java:57) ~[junit-platform-engine-1.7.1.jar:1.7.1]
	at org.junit.platform.engine.support.hierarchical.HierarchicalTestEngine.execute(HierarchicalTestEngine.java:51) ~[junit-platform-engine-1.7.1.jar:1.7.1]
	at org.junit.platform.launcher.core.DefaultLauncher.execute(DefaultLauncher.java:220) ~[junit-platform-launcher-1.3.1.jar:1.3.1]
	at org.junit.platform.launcher.core.DefaultLauncher.lambda$execute$6(DefaultLauncher.java:188) ~[junit-platform-launcher-1.3.1.jar:1.3.1]
	at org.junit.platform.launcher.core.DefaultLauncher.withInterceptedStreams(DefaultLauncher.java:202) ~[junit-platform-launcher-1.3.1.jar:1.3.1]
	at org.junit.platform.launcher.core.DefaultLauncher.execute(DefaultLauncher.java:181) ~[junit-platform-launcher-1.3.1.jar:1.3.1]
	at org.junit.platform.launcher.core.DefaultLauncher.execute(DefaultLauncher.java:128) ~[junit-platform-launcher-1.3.1.jar:1.3.1]
	at org.apache.maven.surefire.junitplatform.JUnitPlatformProvider.invokeAllTests(JUnitPlatformProvider.java:150) ~[surefire-junit-platform-2.22.2.jar:2.22.2]
	at org.apache.maven.surefire.junitplatform.JUnitPlatformProvider.invoke(JUnitPlatformProvider.java:124) ~[surefire-junit-platform-2.22.2.jar:2.22.2]
	at org.apache.maven.surefire.booter.ForkedBooter.invokeProviderInSameClassLoader(ForkedBooter.java:384) ~[surefire-booter-2.22.2.jar:2.22.2]
	at org.apache.maven.surefire.booter.ForkedBooter.runSuitesInProcess(ForkedBooter.java:345) ~[surefire-booter-2.22.2.jar:2.22.2]
	at org.apache.maven.surefire.booter.ForkedBooter.execute(ForkedBooter.java:126) ~[surefire-booter-2.22.2.jar:2.22.2]
	at org.apache.maven.surefire.booter.ForkedBooter.main(ForkedBooter.java:418) ~[surefire-booter-2.22.2.jar:2.22.2]
Caused by: org.springframework.beans.factory.BeanCreationException: Error creating bean with name 'dataSource' defined in class path resource [org/springframework/boot/autoconfigure/jdbc/DataSourceConfiguration$Hikari.class]: Bean instantiation via factory method failed; nested exception is org.springframework.beans.BeanInstantiationException: Failed to instantiate [com.zaxxer.hikari.HikariDataSource]: Factory method 'dataSource' threw exception; nested exception is org.springframework.boot.autoconfigure.jdbc.DataSourceProperties$DataSourceBeanCreationException: Failed to determine a suitable driver class
	at org.springframework.beans.factory.support.ConstructorResolver.instantiate(ConstructorResolver.java:658) ~[spring-beans-5.3.5.jar:5.3.5]
	at org.springframework.beans.factory.support.ConstructorResolver.instantiateUsingFactoryMethod(ConstructorResolver.java:638) ~[spring-beans-5.3.5.jar:5.3.5]
	at org.springframework.beans.factory.support.AbstractAutowireCapableBeanFactory.instantiateUsingFactoryMethod(AbstractAutowireCapableBeanFactory.java:1334) ~[spring-beans-5.3.5.jar:5.3.5]
	at org.springframework.beans.factory.support.AbstractAutowireCapableBeanFactory.createBeanInstance(AbstractAutowireCapableBeanFactory.java:1177) ~[spring-beans-5.3.5.jar:5.3.5]
	at org.springframework.beans.factory.support.AbstractAutowireCapableBeanFactory.doCreateBean(AbstractAutowireCapableBeanFactory.java:564) ~[spring-beans-5.3.5.jar:5.3.5]
	at org.springframework.beans.factory.support.AbstractAutowireCapableBeanFactory.createBean(AbstractAutowireCapableBeanFactory.java:524) ~[spring-beans-5.3.5.jar:5.3.5]
	at org.springframework.beans.factory.support.AbstractBeanFactory.lambda$doGetBean$0(AbstractBeanFactory.java:335) ~[spring-beans-5.3.5.jar:5.3.5]
	at org.springframework.beans.factory.support.DefaultSingletonBeanRegistry.getSingleton(DefaultSingletonBeanRegistry.java:234) ~[spring-beans-5.3.5.jar:5.3.5]
	at org.springframework.beans.factory.support.AbstractBeanFactory.doGetBean(AbstractBeanFactory.java:333) ~[spring-beans-5.3.5.jar:5.3.5]
	at org.springframework.beans.factory.support.AbstractBeanFactory.getBean(AbstractBeanFactory.java:208) ~[spring-beans-5.3.5.jar:5.3.5]
	at org.springframework.beans.factory.support.DefaultListableBeanFactory.preInstantiateSingletons(DefaultListableBeanFactory.java:944) ~[spring-beans-5.3.5.jar:5.3.5]
	at org.springframework.context.support.AbstractApplicationContext.finishBeanFactoryInitialization(AbstractApplicationContext.java:918) ~[spring-context-5.3.5.jar:5.3.5]
	at org.springframework.context.support.AbstractApplicationContext.refresh(AbstractApplicationContext.java:583) ~[spring-context-5.3.5.jar:5.3.5]
	at org.springframework.boot.SpringApplication.refresh(SpringApplication.java:769) ~[spring-boot-2.4.4.jar:2.4.4]
	at org.springframework.boot.SpringApplication.refresh(SpringApplication.java:761) ~[spring-boot-2.4.4.jar:2.4.4]
	at org.springframework.boot.SpringApplication.refreshContext(SpringApplication.java:426) ~[spring-boot-2.4.4.jar:2.4.4]
	at org.springframework.boot.SpringApplication.run(SpringApplication.java:326) ~[spring-boot-2.4.4.jar:2.4.4]
	at org.springframework.boot.test.context.SpringBootContextLoader.loadContext(SpringBootContextLoader.java:123) ~[spring-boot-test-2.4.4.jar:2.4.4]
	at org.springframework.test.context.cache.DefaultCacheAwareContextLoaderDelegate.loadContextInternal(DefaultCacheAwareContextLoaderDelegate.java:99) ~[spring-test-5.3.5.jar:5.3.5]
	at org.springframework.test.context.cache.DefaultCacheAwareContextLoaderDelegate.loadContext(DefaultCacheAwareContextLoaderDelegate.java:124) ~[spring-test-5.3.5.jar:5.3.5]
	... 68 common frames omitted
Caused by: org.springframework.beans.BeanInstantiationException: Failed to instantiate [com.zaxxer.hikari.HikariDataSource]: Factory method 'dataSource' threw exception; nested exception is org.springframework.boot.autoconfigure.jdbc.DataSourceProperties$DataSourceBeanCreationException: Failed to determine a suitable driver class
	at org.springframework.beans.factory.support.SimpleInstantiationStrategy.instantiate(SimpleInstantiationStrategy.java:185) ~[spring-beans-5.3.5.jar:5.3.5]
	at org.springframework.beans.factory.support.ConstructorResolver.instantiate(ConstructorResolver.java:653) ~[spring-beans-5.3.5.jar:5.3.5]
	... 87 common frames omitted
Caused by: org.springframework.boot.autoconfigure.jdbc.DataSourceProperties$DataSourceBeanCreationException: Failed to determine a suitable driver class
	at org.springframework.boot.autoconfigure.jdbc.DataSourceProperties.determineDriverClassName(DataSourceProperties.java:235) ~[spring-boot-autoconfigure-2.4.4.jar:2.4.4]
	at org.springframework.boot.autoconfigure.jdbc.DataSourceProperties.initializeDataSourceBuilder(DataSourceProperties.java:176) ~[spring-boot-autoconfigure-2.4.4.jar:2.4.4]
	at org.springframework.boot.autoconfigure.jdbc.DataSourceConfiguration.createDataSource(DataSourceConfiguration.java:48) ~[spring-boot-autoconfigure-2.4.4.jar:2.4.4]
	at org.springframework.boot.autoconfigure.jdbc.DataSourceConfiguration$Hikari.dataSource(DataSourceConfiguration.java:90) ~[spring-boot-autoconfigure-2.4.4.jar:2.4.4]
	at sun.reflect.NativeMethodAccessorImpl.invoke0(Native Method) ~[na:1.8.0_251]
	at sun.reflect.NativeMethodAccessorImpl.invoke(NativeMethodAccessorImpl.java:62) ~[na:1.8.0_251]
	at sun.reflect.DelegatingMethodAccessorImpl.invoke(DelegatingMethodAccessorImpl.java:43) ~[na:1.8.0_251]
	at java.lang.reflect.Method.invoke(Method.java:498) ~[na:1.8.0_251]
	at org.springframework.beans.factory.support.SimpleInstantiationStrategy.instantiate(SimpleInstantiationStrategy.java:154) ~[spring-beans-5.3.5.jar:5.3.5]
	... 88 common frames omitted

]]></system-out>
    <system-err><![CDATA[log4j:WARN No appenders could be found for logger (org.apache.dubbo.common.logger.LoggerFactory).
log4j:WARN Please initialize the log4j system properly.
log4j:WARN See http://logging.apache.org/log4j/1.2/faq.html#noconfig for more info.
]]></system-err>
  </testcase>
</testsuite>